c:\users\14330\documents\visual studio 2015\projects\0331实验题_1\0331实验题_1\debug\0331实验题_1.pch
c:\users\14330\documents\visual studio 2015\projects\0331实验题_1\0331实验题_1\debug\vc140.pdb
c:\users\14330\documents\visual studio 2015\projects\0331实验题_1\0331实验题_1\debug\vc140.idb
c:\users\14330\documents\visual studio 2015\projects\0331实验题_1\0331实验题_1\debug\stdafx.obj
c:\users\14330\documents\visual studio 2015\projects\0331实验题_1\0331实验题_1\debug\0331实验题_1.obj
c:\users\14330\documents\visual studio 2015\projects\0331实验题_1\0331实验题_1\debug\0331实验题_1doc.obj
c:\users\14330\documents\visual studio 2015\projects\0331实验题_1\0331实验题_1\debug\mainfrm.obj
c:\users\14330\documents\visual studio 2015\projects\0331实验题_1\0331实验题_1\debug\0331实验题_1view.obj
c:\users\14330\documents\visual studio 2015\projects\0331实验题_1\debug\0331实验题_1.ilk
c:\users\14330\documents\visual studio 2015\projects\0331实验题_1\debug\0331实验题_1.exe
c:\users\14330\documents\visual studio 2015\projects\0331实验题_1\debug\0331实验题_1.pdb
c:\users\14330\documents\visual studio 2015\projects\0331实验题_1\0331实验题_1\debug\0331实验题_1.res
c:\users\14330\documents\visual studio 2015\projects\0331实验题_1\0331实验题_1\debug\0331实验题_1.tlog\cl.command.1.tlog
c:\users\14330\documents\visual studio 2015\projects\0331实验题_1\0331实验题_1\debug\0331实验题_1.tlog\cl.read.1.tlog
c:\users\14330\documents\visual studio 2015\projects\0331实验题_1\0331实验题_1\debug\0331实验题_1.tlog\cl.write.1.tlog
c:\users\14330\documents\visual studio 2015\projects\0331实验题_1\0331实验题_1\debug\0331实验题_1.tlog\link.command.1.tlog
c:\users\14330\documents\visual studio 2015\projects\0331实验题_1\0331实验题_1\debug\0331实验题_1.tlog\link.read.1.tlog
c:\users\14330\documents\visual studio 2015\projects\0331实验题_1\0331实验题_1\debug\0331实验题_1.tlog\link.write.1.tlog
c:\users\14330\documents\visual studio 2015\projects\0331实验题_1\0331实验题_1\debug\0331实验题_1.tlog\rc.command.1.tlog
c:\users\14330\documents\visual studio 2015\projects\0331实验题_1\0331实验题_1\debug\0331实验题_1.tlog\rc.read.1.tlog
c:\users\14330\documents\visual studio 2015\projects\0331实验题_1\0331实验题_1\debug\0331实验题_1.tlog\rc.write.1.tlog
