生成启动时间为 2020/5/25 20:57:38。
     1>项目“C:\Users\14330\Documents\Visual Studio 2015\Projects\week13综合实验2\week13综合实验2\week13综合实验2.vcxproj”在节点 2 上(Build 个目标)。
     1>ClCompile:
         D:\program files\VC\bin\CL.exe /c /ZI /nologo /W3 /WX- /sdl /Od /Oy- /D WIN32 /D _WINDOWS /D _DEBUG /D _UNICODE /D UNICODE /D _AFXDLL /Gm /EHsc /RTC1 /MDd /GS /fp:precise /Zc:wchar_t /Zc:forScope /Zc:inline /Yu"stdafx.h" /Fp"Debug\week13综合实验2.pch" /Fo"Debug\\" /Fd"Debug\vc140.pdb" /Gd /TP /analyze- /errorReport:prompt "week13综合实验2View.cpp"
         week13综合实验2View.cpp
     1>c:\users\14330\documents\visual studio 2015\projects\week13综合实验2\week13综合实验2\week13综合实验2view.cpp(114): warning C4244: “初始化”: 从“double”转换到“float”，可能丢失数据
     1>c:\users\14330\documents\visual studio 2015\projects\week13综合实验2\week13综合实验2\week13综合实验2view.cpp(116): warning C4244: “初始化”: 从“double”转换到“float”，可能丢失数据
     1>c:\users\14330\documents\visual studio 2015\projects\week13综合实验2\week13综合实验2\week13综合实验2view.cpp(120): warning C4244: “=”: 从“float”转换到“int”，可能丢失数据
     1>c:\users\14330\documents\visual studio 2015\projects\week13综合实验2\week13综合实验2\week13综合实验2view.cpp(128): warning C4244: “=”: 从“float”转换到“int”，可能丢失数据
       Link:
         D:\program files\VC\bin\link.exe /ERRORREPORT:PROMPT /OUT:"C:\Users\14330\Documents\Visual Studio 2015\Projects\week13综合实验2\Debug\week13综合实验2.exe" /INCREMENTAL /NOLOGO odbc32.lib /MANIFEST /MANIFESTUAC:"level='asInvoker' uiAccess='false'" /manifest:embed /manifestinput:"D:\program files\VC\Include\Manifest\dpiaware.manifest" /Debug /PDB:"C:\Users\14330\Documents\Visual Studio 2015\Projects\week13综合实验2\Debug\week13综合实验2.pdb" /SUBSYSTEM:WINDOWS /TLBID:1 /ENTRY:"wWinMainCRTStartup" /DYNAMICBASE /NXCOMPAT /IMPLIB:"C:\Users\14330\Documents\Visual Studio 2015\Projects\week13综合实验2\Debug\week13综合实验2.lib" /MACHINE:X86 "Debug\week13综合实验2.res"
         Debug\MainFrm.obj
         Debug\mydialog.obj
         Debug\stdafx.obj
         "Debug\week13综合实验2.obj"
         "Debug\week13综合实验2Doc.obj"
         "Debug\week13综合实验2Set.obj"
         "Debug\week13综合实验2View.obj"
         week13综合实验2.vcxproj -> C:\Users\14330\Documents\Visual Studio 2015\Projects\week13综合实验2\Debug\week13综合实验2.exe
     1>已完成生成项目“C:\Users\14330\Documents\Visual Studio 2015\Projects\week13综合实验2\week13综合实验2\week13综合实验2.vcxproj”(Build 个目标)的操作。

已成功生成。

已用时间 00:00:01.68
