生成启动时间为 2020/5/3 16:55:58。
     1>项目“C:\Users\14330\Documents\Visual Studio 2015\Projects\week9.2\week9.2\week9.2.vcxproj”在节点 2 上(Build 个目标)。
     1>ClCompile:
         D:\program files\VC\bin\CL.exe /c /ZI /nologo /W3 /WX- /sdl /Od /Oy- /D WIN32 /D _WINDOWS /D _DEBUG /D _UNICODE /D UNICODE /D _AFXDLL /Gm /EHsc /RTC1 /MDd /GS /fp:precise /Zc:wchar_t /Zc:forScope /Zc:inline /Yu"stdafx.h" /Fp"Debug\week9.2.pch" /Fo"Debug\\" /Fd"Debug\vc140.pdb" /Gd /TP /analyze- /errorReport:prompt MYDIALOG.cpp
         MYDIALOG.cpp
     1>c:\users\14330\documents\visual studio 2015\projects\week9.2\week9.2\mydialog.cpp(45): warning C4244: “初始化”: 从“double”转换到“float”，可能丢失数据
     1>c:\users\14330\documents\visual studio 2015\projects\week9.2\week9.2\mydialog.cpp(47): warning C4244: “初始化”: 从“double”转换到“float”，可能丢失数据
     1>c:\users\14330\documents\visual studio 2015\projects\week9.2\week9.2\mydialog.cpp(51): warning C4244: “=”: 从“float”转换到“int”，可能丢失数据
     1>c:\users\14330\documents\visual studio 2015\projects\week9.2\week9.2\mydialog.cpp(59): warning C4244: “=”: 从“float”转换到“int”，可能丢失数据
       Link:
         D:\program files\VC\bin\link.exe /ERRORREPORT:PROMPT /OUT:"C:\Users\14330\Documents\Visual Studio 2015\Projects\week9.2\Debug\week9.2.exe" /INCREMENTAL /NOLOGO /MANIFEST /MANIFESTUAC:"level='asInvoker' uiAccess='false'" /manifest:embed /manifestinput:"D:\program files\VC\Include\Manifest\dpiaware.manifest" /Debug /PDB:"C:\Users\14330\Documents\Visual Studio 2015\Projects\week9.2\Debug\week9.2.pdb" /SUBSYSTEM:WINDOWS /TLBID:1 /ENTRY:"wWinMainCRTStartup" /DYNAMICBASE /NXCOMPAT /IMPLIB:"C:\Users\14330\Documents\Visual Studio 2015\Projects\week9.2\Debug\week9.2.lib" /MACHINE:X86 Debug\week9.2.res
         Debug\MainFrm.obj
         Debug\MYDIALOG.obj
         Debug\stdafx.obj
         Debug\week9.2.obj
         Debug\week9.2Doc.obj
         Debug\week9.2View.obj
         week9.2.vcxproj -> C:\Users\14330\Documents\Visual Studio 2015\Projects\week9.2\Debug\week9.2.exe
     1>已完成生成项目“C:\Users\14330\Documents\Visual Studio 2015\Projects\week9.2\week9.2\week9.2.vcxproj”(Build 个目标)的操作。

已成功生成。

已用时间 00:00:01.86
