生成启动时间为 2020/5/4 22:53:56。
     1>项目“C:\Users\14330\Documents\Visual Studio 2015\Projects\lib0\usinglibdll\usinglibdll.vcxproj”在节点 2 上(Build 个目标)。
     1>ClCompile:
         D:\program files\VC\bin\CL.exe /c /I..\lib0 /I..\w32d /ZI /nologo /W3 /WX- /sdl /Od /Oy- /D WIN32 /D _WINDOWS /D _DEBUG /D _UNICODE /D UNICODE /D _AFXDLL /Gm /EHsc /RTC1 /MDd /GS /fp:precise /Zc:wchar_t /Zc:forScope /Zc:inline /Yc"stdafx.h" /Fp"Debug\usinglibdll.pch" /Fo"Debug\\" /Fd"Debug\vc140.pdb" /Gd /TP /analyze- /errorReport:prompt stdafx.cpp
         stdafx.cpp
         D:\program files\VC\bin\CL.exe /c /I..\lib0 /I..\w32d /ZI /nologo /W3 /WX- /sdl /Od /Oy- /D WIN32 /D _WINDOWS /D _DEBUG /D _UNICODE /D UNICODE /D _AFXDLL /Gm /EHsc /RTC1 /MDd /GS /fp:precise /Zc:wchar_t /Zc:forScope /Zc:inline /Yu"stdafx.h" /Fp"Debug\usinglibdll.pch" /Fo"Debug\\" /Fd"Debug\vc140.pdb" /Gd /TP /analyze- /errorReport:prompt MainFrm.cpp usinglibdll.cpp usinglibdllDoc.cpp usinglibdllView.cpp
         usinglibdllView.cpp
         usinglibdllDoc.cpp
         usinglibdll.cpp
         MainFrm.cpp
         正在生成代码...
       Link:
         D:\program files\VC\bin\link.exe /ERRORREPORT:PROMPT /OUT:"C:\Users\14330\Documents\Visual Studio 2015\Projects\lib0\Debug\usinglibdll.exe" /INCREMENTAL /NOLOGO /LIBPATH:..\Debug lib0.lib w32d.lib /MANIFEST /MANIFESTUAC:"level='asInvoker' uiAccess='false'" /manifest:embed /manifestinput:"D:\program files\VC\Include\Manifest\dpiaware.manifest" /Debug /PDB:"C:\Users\14330\Documents\Visual Studio 2015\Projects\lib0\Debug\usinglibdll.pdb" /SUBSYSTEM:WINDOWS /TLBID:1 /ENTRY:"wWinMainCRTStartup" /DYNAMICBASE /NXCOMPAT /IMPLIB:"C:\Users\14330\Documents\Visual Studio 2015\Projects\lib0\Debug\usinglibdll.lib" /MACHINE:X86 Debug\usinglibdll.res
         Debug\MainFrm.obj
         Debug\stdafx.obj
         Debug\usinglibdll.obj
         Debug\usinglibdllDoc.obj
         Debug\usinglibdllView.obj
         usinglibdll.vcxproj -> C:\Users\14330\Documents\Visual Studio 2015\Projects\lib0\Debug\usinglibdll.exe
     1>已完成生成项目“C:\Users\14330\Documents\Visual Studio 2015\Projects\lib0\usinglibdll\usinglibdll.vcxproj”(Build 个目标)的操作。

已成功生成。

已用时间 00:00:05.06
