生成启动时间为 2020/4/22 12:18:14。
     1>项目“C:\Users\14330\Documents\Visual Studio 2015\Projects\week8课堂实验_1\week8课堂实验_1\week8课堂实验_1.vcxproj”在节点 2 上(Build 个目标)。
     1>ClCompile:
         D:\program files\VC\bin\CL.exe /c /ZI /nologo /W3 /WX- /sdl /Od /Oy- /D WIN32 /D _WINDOWS /D _DEBUG /D _UNICODE /D UNICODE /D _AFXDLL /Gm /EHsc /RTC1 /MDd /GS /fp:precise /Zc:wchar_t /Zc:forScope /Zc:inline /Yc"stdafx.h" /Fp"Debug\week8课堂实验_1.pch" /Fo"Debug\\" /Fd"Debug\vc140.pdb" /Gd /TP /analyze- /errorReport:prompt stdafx.cpp
         stdafx.cpp
         D:\program files\VC\bin\CL.exe /c /ZI /nologo /W3 /WX- /sdl /Od /Oy- /D WIN32 /D _WINDOWS /D _DEBUG /D _UNICODE /D UNICODE /D _AFXDLL /Gm /EHsc /RTC1 /MDd /GS /fp:precise /Zc:wchar_t /Zc:forScope /Zc:inline /Yu"stdafx.h" /Fp"Debug\week8课堂实验_1.pch" /Fo"Debug\\" /Fd"Debug\vc140.pdb" /Gd /TP /analyze- /errorReport:prompt MainFrm.cpp "week8课堂实验_1.cpp" "week8课堂实验_1Doc.cpp" "week8课堂实验_1View.cpp"
         week8课堂实验_1View.cpp
         week8课堂实验_1Doc.cpp
         week8课堂实验_1.cpp
         MainFrm.cpp
         正在生成代码...
       ResourceCompile:
         C:\Program Files (x86)\Windows Kits\8.1\bin\x86\rc.exe /D _DEBUG /D _UNICODE /D UNICODE /D _AFXDLL /l"0x0804" /IDebug\ /nologo /fo"Debug\week8课堂实验_1.res" "week8课堂实验_1.rc" 
       Link:
         D:\program files\VC\bin\link.exe /ERRORREPORT:PROMPT /OUT:"C:\Users\14330\Documents\Visual Studio 2015\Projects\week8课堂实验_1\Debug\week8课堂实验_1.exe" /INCREMENTAL /NOLOGO /MANIFEST /MANIFESTUAC:"level='asInvoker' uiAccess='false'" /manifest:embed /manifestinput:"D:\program files\VC\Include\Manifest\dpiaware.manifest" /Debug /PDB:"C:\Users\14330\Documents\Visual Studio 2015\Projects\week8课堂实验_1\Debug\week8课堂实验_1.pdb" /SUBSYSTEM:WINDOWS /TLBID:1 /ENTRY:"wWinMainCRTStartup" /DYNAMICBASE /NXCOMPAT /IMPLIB:"C:\Users\14330\Documents\Visual Studio 2015\Projects\week8课堂实验_1\Debug\week8课堂实验_1.lib" /MACHINE:X86 "Debug\week8课堂实验_1.res"
         Debug\MainFrm.obj
         Debug\stdafx.obj
         "Debug\week8课堂实验_1.obj"
         "Debug\week8课堂实验_1Doc.obj"
         "Debug\week8课堂实验_1View.obj"
         week8课堂实验_1.vcxproj -> C:\Users\14330\Documents\Visual Studio 2015\Projects\week8课堂实验_1\Debug\week8课堂实验_1.exe
     1>已完成生成项目“C:\Users\14330\Documents\Visual Studio 2015\Projects\week8课堂实验_1\week8课堂实验_1\week8课堂实验_1.vcxproj”(Build 个目标)的操作。

已成功生成。

已用时间 00:00:05.32
