生成启动时间为 2020/4/28 23:00:54。
     1>项目“C:\Users\14330\Documents\Visual Studio 2015\Projects\week9.1\week9.1\week9.1.vcxproj”在节点 2 上(Build 个目标)。
     1>ClCompile:
         D:\program files\VC\bin\CL.exe /c /ZI /nologo /W3 /WX- /sdl /Od /Oy- /D WIN32 /D _WINDOWS /D _DEBUG /D _UNICODE /D UNICODE /D _AFXDLL /Gm /EHsc /RTC1 /MDd /GS /fp:precise /Zc:wchar_t /Zc:forScope /Zc:inline /Yc"stdafx.h" /Fp"Debug\week9.1.pch" /Fo"Debug\\" /Fd"Debug\vc140.pdb" /Gd /TP /analyze- /errorReport:prompt stdafx.cpp
         stdafx.cpp
         D:\program files\VC\bin\CL.exe /c /ZI /nologo /W3 /WX- /sdl /Od /Oy- /D WIN32 /D _WINDOWS /D _DEBUG /D _UNICODE /D UNICODE /D _AFXDLL /Gm /EHsc /RTC1 /MDd /GS /fp:precise /Zc:wchar_t /Zc:forScope /Zc:inline /Yu"stdafx.h" /Fp"Debug\week9.1.pch" /Fo"Debug\\" /Fd"Debug\vc140.pdb" /Gd /TP /analyze- /errorReport:prompt MainFrm.cpp week9.1.cpp week9.1Doc.cpp week9.1View.cpp
         week9.1View.cpp
         week9.1Doc.cpp
         week9.1.cpp
         MainFrm.cpp
         正在生成代码...
       ResourceCompile:
         C:\Program Files (x86)\Windows Kits\8.1\bin\x86\rc.exe /D _DEBUG /D _UNICODE /D UNICODE /D _AFXDLL /l"0x0804" /IDebug\ /nologo /fo"Debug\week9.1.res" week9.1.rc 
       Link:
         D:\program files\VC\bin\link.exe /ERRORREPORT:PROMPT /OUT:"C:\Users\14330\Documents\Visual Studio 2015\Projects\week9.1\Debug\week9.1.exe" /INCREMENTAL /NOLOGO /MANIFEST /MANIFESTUAC:"level='asInvoker' uiAccess='false'" /manifest:embed /manifestinput:"D:\program files\VC\Include\Manifest\dpiaware.manifest" /Debug /PDB:"C:\Users\14330\Documents\Visual Studio 2015\Projects\week9.1\Debug\week9.1.pdb" /SUBSYSTEM:WINDOWS /TLBID:1 /ENTRY:"wWinMainCRTStartup" /DYNAMICBASE /NXCOMPAT /IMPLIB:"C:\Users\14330\Documents\Visual Studio 2015\Projects\week9.1\Debug\week9.1.lib" /MACHINE:X86 Debug\week9.1.res
         Debug\MainFrm.obj
         Debug\stdafx.obj
         Debug\week9.1.obj
         Debug\week9.1Doc.obj
         Debug\week9.1View.obj
         week9.1.vcxproj -> C:\Users\14330\Documents\Visual Studio 2015\Projects\week9.1\Debug\week9.1.exe
     1>已完成生成项目“C:\Users\14330\Documents\Visual Studio 2015\Projects\week9.1\week9.1\week9.1.vcxproj”(Build 个目标)的操作。

已成功生成。

已用时间 00:00:05.63
