c:\users\14330\documents\visual studio 2015\projects\week9.1\week9.1\debug\week9.1.pch
c:\users\14330\documents\visual studio 2015\projects\week9.1\week9.1\debug\vc140.pdb
c:\users\14330\documents\visual studio 2015\projects\week9.1\week9.1\debug\vc140.idb
c:\users\14330\documents\visual studio 2015\projects\week9.1\week9.1\debug\stdafx.obj
c:\users\14330\documents\visual studio 2015\projects\week9.1\week9.1\debug\mainfrm.obj
c:\users\14330\documents\visual studio 2015\projects\week9.1\week9.1\debug\week9.1.obj
c:\users\14330\documents\visual studio 2015\projects\week9.1\week9.1\debug\week9.1doc.obj
c:\users\14330\documents\visual studio 2015\projects\week9.1\week9.1\debug\week9.1view.obj
c:\users\14330\documents\visual studio 2015\projects\week9.1\week9.1\debug\week9.1.res
c:\users\14330\documents\visual studio 2015\projects\week9.1\debug\week9.1.pdb
c:\users\14330\documents\visual studio 2015\projects\week9.1\debug\week9.1.exe
c:\users\14330\documents\visual studio 2015\projects\week9.1\debug\week9.1.ilk
c:\users\14330\documents\visual studio 2015\projects\week9.1\week9.1\debug\week9.1.tlog\cl.command.1.tlog
c:\users\14330\documents\visual studio 2015\projects\week9.1\week9.1\debug\week9.1.tlog\cl.read.1.tlog
c:\users\14330\documents\visual studio 2015\projects\week9.1\week9.1\debug\week9.1.tlog\cl.write.1.tlog
c:\users\14330\documents\visual studio 2015\projects\week9.1\week9.1\debug\week9.1.tlog\link.command.1.tlog
c:\users\14330\documents\visual studio 2015\projects\week9.1\week9.1\debug\week9.1.tlog\link.read.1.tlog
c:\users\14330\documents\visual studio 2015\projects\week9.1\week9.1\debug\week9.1.tlog\link.write.1.tlog
c:\users\14330\documents\visual studio 2015\projects\week9.1\week9.1\debug\week9.1.tlog\rc.command.1.tlog
c:\users\14330\documents\visual studio 2015\projects\week9.1\week9.1\debug\week9.1.tlog\rc.read.1.tlog
c:\users\14330\documents\visual studio 2015\projects\week9.1\week9.1\debug\week9.1.tlog\rc.write.1.tlog
