生成启动时间为 2020/3/29 18:15:59。
     1>项目“C:\Users\14330\Documents\Visual Studio 2015\Projects\0313实验题_2\0313实验题_2\0313实验题_2.vcxproj”在节点 2 上(Build 个目标)。
     1>ClCompile:
         D:\program files\VC\bin\CL.exe /c /ZI /nologo /W3 /WX- /sdl /Od /Oy- /D WIN32 /D _WINDOWS /D _DEBUG /D _UNICODE /D UNICODE /D _AFXDLL /Gm /EHsc /RTC1 /MDd /GS /fp:precise /Zc:wchar_t /Zc:forScope /Zc:inline /Yc"stdafx.h" /Fp"Debug\0313实验题_2.pch" /Fo"Debug\\" /Fd"Debug\vc140.pdb" /Gd /TP /analyze- /errorReport:prompt stdafx.cpp
         stdafx.cpp
         D:\program files\VC\bin\CL.exe /c /ZI /nologo /W3 /WX- /sdl /Od /Oy- /D WIN32 /D _WINDOWS /D _DEBUG /D _UNICODE /D UNICODE /D _AFXDLL /Gm /EHsc /RTC1 /MDd /GS /fp:precise /Zc:wchar_t /Zc:forScope /Zc:inline /Yu"stdafx.h" /Fp"Debug\0313实验题_2.pch" /Fo"Debug\\" /Fd"Debug\vc140.pdb" /Gd /TP /analyze- /errorReport:prompt "0313实验题_2.cpp" "0313实验题_2Doc.cpp" "0313实验题_2View.cpp" MainFrm.cpp
         MainFrm.cpp
         0313实验题_2View.cpp
         0313实验题_2Doc.cpp
         0313实验题_2.cpp
         正在生成代码...
       ResourceCompile:
         C:\Program Files (x86)\Windows Kits\8.1\bin\x86\rc.exe /D _DEBUG /D _UNICODE /D UNICODE /D _AFXDLL /l"0x0804" /IDebug\ /nologo /fo"Debug\0313实验题_2.res" "0313实验题_2.rc" 
       Link:
         D:\program files\VC\bin\link.exe /ERRORREPORT:PROMPT /OUT:"C:\Users\14330\Documents\Visual Studio 2015\Projects\0313实验题_2\Debug\0313实验题_2.exe" /INCREMENTAL /NOLOGO /MANIFEST /MANIFESTUAC:"level='asInvoker' uiAccess='false'" /manifest:embed /manifestinput:"D:\program files\VC\Include\Manifest\dpiaware.manifest" /Debug /PDB:"C:\Users\14330\Documents\Visual Studio 2015\Projects\0313实验题_2\Debug\0313实验题_2.pdb" /SUBSYSTEM:WINDOWS /TLBID:1 /ENTRY:"wWinMainCRTStartup" /DYNAMICBASE /NXCOMPAT /IMPLIB:"C:\Users\14330\Documents\Visual Studio 2015\Projects\0313实验题_2\Debug\0313实验题_2.lib" /MACHINE:X86 "Debug\0313实验题_2.res"
         "Debug\0313实验题_2.obj"
         "Debug\0313实验题_2Doc.obj"
         "Debug\0313实验题_2View.obj"
         Debug\MainFrm.obj
         Debug\stdafx.obj
         0313实验题_2.vcxproj -> C:\Users\14330\Documents\Visual Studio 2015\Projects\0313实验题_2\Debug\0313实验题_2.exe
     1>已完成生成项目“C:\Users\14330\Documents\Visual Studio 2015\Projects\0313实验题_2\0313实验题_2\0313实验题_2.vcxproj”(Build 个目标)的操作。

已成功生成。

已用时间 00:00:04.22
