生成启动时间为 2020/4/13 20:14:35。
     1>项目“C:\Users\14330\Documents\Visual Studio 2015\Projects\0331实验题_3\0331实验题_3\0331实验题_3.vcxproj”在节点 2 上(Build 个目标)。
     1>ClCompile:
         D:\program files\VC\bin\CL.exe /c /ZI /nologo /W3 /WX- /sdl /Od /Oy- /D WIN32 /D _WINDOWS /D _DEBUG /D _UNICODE /D UNICODE /D _AFXDLL /Gm /EHsc /RTC1 /MDd /GS /fp:precise /Zc:wchar_t /Zc:forScope /Zc:inline /Yc"stdafx.h" /Fp"Debug\0331实验题_3.pch" /Fo"Debug\\" /Fd"Debug\vc140.pdb" /Gd /TP /analyze- /errorReport:prompt stdafx.cpp
         stdafx.cpp
         D:\program files\VC\bin\CL.exe /c /ZI /nologo /W3 /WX- /sdl /Od /Oy- /D WIN32 /D _WINDOWS /D _DEBUG /D _UNICODE /D UNICODE /D _AFXDLL /Gm /EHsc /RTC1 /MDd /GS /fp:precise /Zc:wchar_t /Zc:forScope /Zc:inline /Yu"stdafx.h" /Fp"Debug\0331实验题_3.pch" /Fo"Debug\\" /Fd"Debug\vc140.pdb" /Gd /TP /analyze- /errorReport:prompt "0331实验题_3.cpp" "0331实验题_3Doc.cpp" "0331实验题_3View.cpp" MainFrm.cpp
         MainFrm.cpp
         0331实验题_3View.cpp
     1>c:\users\14330\documents\visual studio 2015\projects\0331实验题_3\0331实验题_3\0331实验题_3view.cpp(96): warning C4101: “flag”: 未引用的局部变量
         0331实验题_3Doc.cpp
         0331实验题_3.cpp
         正在生成代码...
       ResourceCompile:
         C:\Program Files (x86)\Windows Kits\8.1\bin\x86\rc.exe /D _DEBUG /D _UNICODE /D UNICODE /D _AFXDLL /l"0x0804" /IDebug\ /nologo /fo"Debug\0331实验题_3.res" "0331实验题_3.rc" 
       Link:
         D:\program files\VC\bin\link.exe /ERRORREPORT:PROMPT /OUT:"C:\Users\14330\Documents\Visual Studio 2015\Projects\0331实验题_3\Debug\0331实验题_3.exe" /INCREMENTAL /NOLOGO /MANIFEST /MANIFESTUAC:"level='asInvoker' uiAccess='false'" /manifest:embed /manifestinput:"D:\program files\VC\Include\Manifest\dpiaware.manifest" /Debug /PDB:"C:\Users\14330\Documents\Visual Studio 2015\Projects\0331实验题_3\Debug\0331实验题_3.pdb" /SUBSYSTEM:WINDOWS /TLBID:1 /ENTRY:"wWinMainCRTStartup" /DYNAMICBASE /NXCOMPAT /IMPLIB:"C:\Users\14330\Documents\Visual Studio 2015\Projects\0331实验题_3\Debug\0331实验题_3.lib" /MACHINE:X86 "Debug\0331实验题_3.res"
         "Debug\0331实验题_3.obj"
         "Debug\0331实验题_3Doc.obj"
         "Debug\0331实验题_3View.obj"
         Debug\MainFrm.obj
         Debug\stdafx.obj
         0331实验题_3.vcxproj -> C:\Users\14330\Documents\Visual Studio 2015\Projects\0331实验题_3\Debug\0331实验题_3.exe
     1>已完成生成项目“C:\Users\14330\Documents\Visual Studio 2015\Projects\0331实验题_3\0331实验题_3\0331实验题_3.vcxproj”(Build 个目标)的操作。

已成功生成。

已用时间 00:00:04.65
